<?xml version="1.0" encoding="UTF-8"?>
<!-- Generated by org.testng.reporters.JUnitReportReporter -->
<testsuite hostname="SANKET" failures="0" tests="16" name="com.bridgelabz.qa.restassured.Restassured_Api_Automation" time="10.084" errors="0" timestamp="2022-12-14T20:38:05 IST" skipped="0">
  <testcase classname="com.bridgelabz.qa.restassured.Restassured_Api_Automation" name="get_Current_user_Profile" time="3.148"/>
  <system-out/>
  <testcase classname="com.bridgelabz.qa.restassured.Restassured_Api_Automation" name="get_Users_Profile" time="0.260"/>
  <system-out/>
  <testcase classname="com.bridgelabz.qa.restassured.Restassured_Api_Automation" name="search_for_Item" time="0.642"/>
  <system-out/>
  <testcase classname="com.bridgelabz.qa.restassured.Restassured_Api_Automation" name="create_Playlist" time="0.506"/>
  <system-out/>
  <testcase classname="com.bridgelabz.qa.restassured.Restassured_Api_Automation" name="get_Current_User_Playlists" time="0.283"/>
  <system-out/>
  <testcase classname="com.bridgelabz.qa.restassured.Restassured_Api_Automation" name="get_Playlist_Cover_Image" time="0.268"/>
  <system-out/>
  <testcase classname="com.bridgelabz.qa.restassured.Restassured_Api_Automation" name="get_Playlist" time="0.249"/>
  <system-out/>
  <testcase classname="com.bridgelabz.qa.restassured.Restassured_Api_Automation" name="get_User_Playlists" time="0.249"/>
  <system-out/>
  <testcase classname="com.bridgelabz.qa.restassured.Restassured_Api_Automation" name="add_Items_to_Playlist" time="0.267"/>
  <system-out/>
  <testcase classname="com.bridgelabz.qa.restassured.Restassured_Api_Automation" name="update_Playlist_Items" time="0.308"/>
  <system-out/>
  <testcase classname="com.bridgelabz.qa.restassured.Restassured_Api_Automation" name="change_Playlist_Details" time="0.294"/>
  <system-out/>
  <testcase classname="com.bridgelabz.qa.restassured.Restassured_Api_Automation" name="get_Track_Audio_Analysis" time="2.512"/>
  <system-out/>
  <testcase classname="com.bridgelabz.qa.restassured.Restassured_Api_Automation" name="get_Tracks_Audio_Features" time="0.270"/>
  <system-out/>
  <testcase classname="com.bridgelabz.qa.restassured.Restassured_Api_Automation" name="get_Track_Audio_Features" time="0.232"/>
  <system-out/>
  <testcase classname="com.bridgelabz.qa.restassured.Restassured_Api_Automation" name="get_Several_Tracks" time="0.297"/>
  <system-out/>
  <testcase classname="com.bridgelabz.qa.restassured.Restassured_Api_Automation" name="get_Track" time="0.299"/>
  <system-out/>
</testsuite> <!-- com.bridgelabz.qa.restassured.Restassured_Api_Automation -->
